TN:
SF:/home/yyang/workspace/github/bplustree/bplus_tree.c
FN:17,key_binary_search
FN:38,_nodeInit
FN:53,_nodeDestroy
FN:61,non_leaf_new
FN:79,non_leaf_destroy
FN:90,leaf_new
FN:110,leaf_destroy
FN:121,_node_search
FN:154,bptDump
FN:190,bptGet
FN:199,_split_child
FN:265,_insert_nonfull
FN:308,bptPut
FN:334,_node_key_shift_left
FN:366,_node_key_shift_right
FN:401,_move_key
FN:426,_merge_node
FN:473,_remove_from_leaf
FN:493,_pre_descend_child
FN:604,_descend
FN:651,bptRemove
FN:660,bptInit
FN:680,bptDestroy
FNDA:10122,key_binary_search
FNDA:1292,_nodeInit
FNDA:1292,_nodeDestroy
FNDA:405,non_leaf_new
FNDA:405,non_leaf_destroy
FNDA:887,leaf_new
FNDA:887,leaf_destroy
FNDA:46,_node_search
FNDA:36,bptDump
FNDA:23,bptGet
FNDA:1263,_split_child
FNDA:10277,_insert_nonfull
FNDA:2263,bptPut
FNDA:2158,_node_key_shift_left
FNDA:1277,_node_key_shift_right
FNDA:1277,_move_key
FNDA:1263,_merge_node
FNDA:2263,_remove_from_leaf
FNDA:7813,_pre_descend_child
FNDA:10076,_descend
FNDA:2264,bptRemove
FNDA:1,bptInit
FNDA:1,bptDestroy
FNF:23
FNH:23
DA:17,10122
DA:19,10122
DA:20,10122
DA:23,41787
DA:24,21543
DA:25,21543
DA:26,11056
DA:28,10487
DA:31,10122
DA:32,7705
DA:34,2417
DA:38,1292
DA:40,1292
DA:42,1292
DA:43,1292
DA:44,1292
DA:46,1292
DA:47,1292
DA:49,1292
DA:53,1292
DA:55,1292
DA:57,1292
DA:61,405
DA:63,405
DA:64,405
DA:66,405
DA:68,405
DA:70,405
DA:72,405
DA:73,405
DA:75,405
DA:79,405
DA:81,405
DA:82,405
DA:83,405
DA:84,405
DA:86,405
DA:90,887
DA:92,887
DA:94,887
DA:95,887
DA:97,887
DA:99,887
DA:100,887
DA:101,887
DA:103,887
DA:104,887
DA:106,887
DA:110,887
DA:112,887
DA:113,887
DA:114,887
DA:115,887
DA:117,887
DA:121,46
DA:129,46
DA:130,23
DA:131,23
DA:132,23
DA:133,14
DA:135,9
DA:138,23
DA:140,23
DA:141,23
DA:143,23
DA:144,4
DA:146,19
DA:147,19
DA:150,23
DA:154,36
DA:160,36
DA:162,36
DA:163,6
DA:164,6
DA:167,30
DA:169,99
DA:170,69
DA:171,39
DA:173,30
DA:175,30
DA:177,30
DA:179,1002
DA:180,3361
DA:181,2419
DA:183,942
DA:186,30
DA:190,23
DA:192,23
DA:193,0
DA:195,23
DA:199,1263
DA:202,1263
DA:204,1263
DA:208,1263
DA:210,1263
DA:211,881
DA:212,881
DA:213,881
DA:216,382
DA:217,382
DA:218,382
DA:221,1263
DA:224,3789
DA:225,2526
DA:228,1263
DA:229,1528
DA:230,1146
DA:233,2643
DA:234,1762
DA:237,1263
DA:238,881
DA:239,881
DA:240,881
DA:243,382
DA:247,4699
DA:248,3436
DA:250,1263
DA:252,3436
DA:253,2173
DA:255,1263
DA:256,1263
DA:262,1263
DA:265,10277
DA:267,10277
DA:271,10277
DA:272,2263
DA:273,8611
DA:274,4085
DA:275,4085
DA:276,4085
DA:279,2263
DA:280,2263
DA:282,2263
DA:286,8014
DA:288,27455
DA:289,11427
DA:291,8014
DA:294,8014
DA:296,8014
DA:297,1240
DA:298,1240
DA:299,511
DA:302,8014
DA:304,10277
DA:308,2263
DA:313,2263
DA:314,6
DA:315,6
DA:318,2263
DA:320,2263
DA:321,23
DA:322,23
DA:323,23
DA:324,23
DA:325,23
DA:328,2240
DA:330,2263
DA:334,2158
DA:340,2158
DA:341,409
DA:342,781
DA:343,372
DA:344,372
DA:350,1749
DA:352,3984
DA:353,2235
DA:354,2235
DA:355,2044
DA:358,1749
DA:359,1360
DA:362,2158
DA:363,2158
DA:366,1277
DA:373,1277
DA:375,1277
DA:376,409
DA:377,863
DA:378,454
DA:379,454
DA:383,868
DA:385,1351
DA:386,483
DA:387,483
DA:388,292
DA:391,868
DA:392,243
DA:395,1277
DA:397,1277
DA:398,1277
DA:401,1277
DA:403,1277
DA:404,1277
DA:406,4020
DA:407,1466
DA:409,4020
DA:410,1466
DA:412,1277
DA:414,1277
DA:416,1277
DA:417,409
DA:419,1277
DA:423,1277
DA:426,1263
DA:432,1263
DA:434,1263
DA:435,881
DA:436,881
DA:439,382
DA:440,382
DA:443,1263
DA:444,2643
DA:445,1762
DA:446,1762
DA:450,1146
DA:451,764
DA:452,764
DA:455,382
DA:458,1263
DA:460,1263
DA:461,881
DA:463,1263
DA:464,382
DA:466,881
DA:470,1263
DA:473,2263
DA:475,2263
DA:476,2263
DA:478,2263
DA:479,2263
DA:481,7123
DA:482,2597
DA:483,2597
DA:484,2597
DA:487,2263
DA:489,2263
DA:493,7813
DA:495,7813
DA:496,7813
DA:497,7813
DA:503,7813
DA:505,7813
DA:507,7813
DA:509,7813
DA:510,5898
DA:512,1915
DA:513,840
DA:514,840
DA:515,1075
DA:516,821
DA:517,821
DA:519,254
DA:520,254
DA:523,1915
DA:524,373
DA:526,373
DA:528,746
DA:529,227
DA:530,227
DA:533,146
DA:534,146
DA:535,146
DA:538,146
DA:539,146
DA:540,146
DA:542,146
DA:545,1542
DA:547,279
DA:549,558
DA:550,182
DA:551,182
DA:554,97
DA:555,97
DA:556,97
DA:559,97
DA:560,97
DA:561,97
DA:563,97
DA:567,1263
DA:568,672
DA:570,672
DA:571,198
DA:572,198
DA:573,198
DA:576,474
DA:578,672
DA:579,672
DA:581,672
DA:583,591
DA:585,591
DA:586,184
DA:587,184
DA:588,184
DA:591,407
DA:593,591
DA:594,591
DA:597,0
DA:599,1915
DA:604,10076
DA:611,10076
DA:613,10076
DA:614,2399
DA:615,2263
DA:616,2263
DA:617,6
DA:618,6
DA:619,6
DA:621,2263
DA:626,7813
DA:627,0
DA:628,0
DA:631,7813
DA:633,7813
DA:635,7813
DA:636,7677
DA:638,7813
DA:640,7813
DA:642,7813
DA:643,23
DA:644,23
DA:647,7813
DA:651,2264
DA:653,2264
DA:654,1
DA:656,2263
DA:660,1
DA:664,1
DA:666,1
DA:668,1
DA:669,1
DA:670,1
DA:676,1
DA:680,1
DA:682,1
DA:683,1
DA:684,1
LF:335
LH:331
end_of_record
TN:
SF:/home/yyang/workspace/github/bplustree/main.c
FN:12,_help
FN:18,random_in_range
FN:37,shuffle_array
FN:52,create_array
FN:73,reset_array
FN:81,main
FNDA:0,_help
FNDA:2047,random_in_range
FNDA:1,shuffle_array
FNDA:1,create_array
FNDA:0,reset_array
FNDA:1,main
FNF:6
FNH:4
DA:12,0
DA:13,0
DA:14,0
DA:15,0
DA:18,2047
DA:20,2047
DA:22,2047
DA:24,2047
DA:25,2047
DA:26,2047
DA:30,2047
DA:31,2047
DA:33,0
DA:37,1
DA:42,1024
DA:43,1023
DA:44,1023
DA:45,1023
DA:46,1023
DA:49,1
DA:52,1
DA:56,1
DA:58,1025
DA:59,1024
DA:60,1024
DA:61,1024
DA:63,1024
DA:66,1
DA:68,1
DA:70,1
DA:73,0
DA:77,0
DA:78,0
DA:79,0
DA:81,1
DA:83,1
DA:88,1
DA:89,0
DA:90,0
DA:93,1
DA:94,1
DA:95,1
DA:96,1
DA:99,1
DA:100,0
DA:103,1
DA:104,1
DA:105,1
DA:106,1
DA:107,1
DA:108,1
DA:109,1
DA:110,1
DA:111,1
DA:112,1
DA:113,1
DA:114,1
DA:115,1
DA:116,1
DA:117,1
DA:118,1
DA:119,1
DA:120,1
DA:121,1
DA:122,1
DA:123,1
DA:124,1
DA:125,1
DA:126,1
DA:127,1
DA:128,1
DA:130,1
DA:131,1
DA:132,1
DA:133,1
DA:134,1
DA:135,1
DA:136,1
DA:137,1
DA:138,1
DA:139,1
DA:140,1
DA:141,1
DA:142,1
DA:143,1
DA:144,1
DA:145,1
DA:146,1
DA:147,1
DA:148,1
DA:149,1
DA:150,1
DA:151,1
DA:152,1
DA:153,1
DA:154,1
DA:155,1
DA:156,1
DA:157,1
DA:158,1
DA:159,1
DA:160,1
DA:161,1
DA:162,1
DA:163,1
DA:164,1
DA:165,1
DA:166,1
DA:167,1
DA:168,1
DA:169,1
DA:170,1
DA:171,1
DA:172,1
DA:173,1
DA:174,1
DA:175,1
DA:176,1
DA:177,1
DA:178,1
DA:184,451
DA:185,450
DA:188,1
DA:190,451
DA:191,450
DA:193,1
DA:196,451
DA:197,450
DA:199,1
DA:200,452
DA:201,450
DA:203,1
DA:206,451
DA:207,450
DA:209,1
DA:210,451
DA:211,450
DA:213,1
DA:216,451
DA:217,450
DA:219,1
DA:221,451
DA:222,450
DA:224,1
DA:228,1
DA:230,451
DA:231,450
DA:233,1
DA:235,451
DA:236,450
DA:239,1
DA:241,1
DA:243,1
DA:245,1
LF:154
LH:142
end_of_record
